<?xml version="1.0" encoding="UTF-8"?>
<!-- Generated by org.testng.reporters.JUnitReportReporter -->
<testsuite skipped="0" hostname="Inspiron" name="excelPractise.LoginMercuryTours" tests="1" failures="0" timestamp="17 Jun 2020 19:48:51 GMT" time="5.662" errors="0">
  <testcase name="loginWithUserName" time="5.662" classname="excelPractise.LoginMercuryTours"/>
</testsuite> <!-- excelPractise.LoginMercuryTours -->
