<?xml version="1.0" encoding="UTF-8"?>
<!-- Generated by org.testng.reporters.JUnitReportReporter -->
<testsuite skipped="0" hostname="Inspiron" name="excelPractise.RegisterMercuryTours" tests="1" failures="0" timestamp="22 Jun 2020 21:34:26 GMT" time="8.303" errors="0">
  <testcase name="register" time="8.303" classname="excelPractise.RegisterMercuryTours"/>
</testsuite> <!-- excelPractise.RegisterMercuryTours -->
