<?xml version="1.0" encoding="UTF-8"?>
<!-- Generated by org.testng.reporters.JUnitReportReporter -->
<testsuite skipped="0" hostname="Inspiron" name="testNGDemo.mercuryTours" tests="1" failures="0" timestamp="31 May 2020 17:28:55 GMT" time="4.448" errors="0">
  <testcase name="loginWithUserName" time="4.448" classname="testNGDemo.mercuryTours"/>
</testsuite> <!-- testNGDemo.mercuryTours -->
