<?xml version="1.0" encoding="UTF-8"?>
<!-- Generated by org.testng.reporters.JUnitReportReporter -->
<testsuite skipped="0" hostname="Inspiron" name="testNGDemo.NewTest" tests="1" failures="0" timestamp="27 May 2020 11:49:07 GMT" time="0.033" errors="0">
  <testcase name="f" time="0.033" classname="testNGDemo.NewTest"/>
</testsuite> <!-- testNGDemo.NewTest -->
