<?xml version="1.0" encoding="UTF-8"?>
<!-- Generated by org.testng.reporters.JUnitReportReporter -->
<testsuite skipped="0" hostname="Inspiron" name="testNGDemo.Demo1" tests="1" failures="0" timestamp="27 May 2020 14:36:44 GMT" time="0.037" errors="0">
  <testcase name="f" time="0.037" classname="testNGDemo.Demo1"/>
</testsuite> <!-- testNGDemo.Demo1 -->
